0 info it worked if it ends with ok
1 verbose cli [ '/usr/local/bin/node', '/usr/local/bin/npm', 'run', 'serve' ]
2 info using npm@4.0.5
3 info using node@v6.9.1
4 verbose run-script [ 'preserve', 'serve', 'postserve' ]
5 info lifecycle eve-discord-bot@0.0.0~preserve: eve-discord-bot@0.0.0
6 silly lifecycle eve-discord-bot@0.0.0~preserve: no script for preserve, continuing
7 info lifecycle eve-discord-bot@0.0.0~serve: eve-discord-bot@0.0.0
8 verbose lifecycle eve-discord-bot@0.0.0~serve: unsafe-perm in lifecycle true
9 verbose lifecycle eve-discord-bot@0.0.0~serve: PATH: /usr/local/lib/node_modules/npm/bin/node-gyp-bin:/Users/dvernovsky/programming/eve-discord-bot/node_modules/.bin:/Users/dvernovsky/.yarn/bin:/usr/local/sbin:/usr/local/bin:/usr/bin:/bin:/usr/sbin:/sbin:/opt/X11/bin:./
10 verbose lifecycle eve-discord-bot@0.0.0~serve: CWD: /Users/dvernovsky/programming/eve-discord-bot
11 silly lifecycle eve-discord-bot@0.0.0~serve: Args: [ '-c',
11 silly lifecycle   'DISCORD_TOKEN=MjYyNTk5ODA5MzQ3NzQ3ODQy.C3tWzg.kRJQTJDqcc85USoGPgbghFpxe-4 && tsc -w nodemon --debug ./bin/www' ]
12 silly lifecycle eve-discord-bot@0.0.0~serve: Returned: code: 1  signal: null
13 info lifecycle eve-discord-bot@0.0.0~serve: Failed to exec serve script
14 verbose stack Error: eve-discord-bot@0.0.0 serve: `DISCORD_TOKEN=MjYyNTk5ODA5MzQ3NzQ3ODQy.C3tWzg.kRJQTJDqcc85USoGPgbghFpxe-4 && tsc -w nodemon --debug ./bin/www`
14 verbose stack Exit status 1
14 verbose stack     at EventEmitter.<anonymous> (/usr/local/lib/node_modules/npm/lib/utils/lifecycle.js:279:16)
14 verbose stack     at emitTwo (events.js:106:13)
14 verbose stack     at EventEmitter.emit (events.js:191:7)
14 verbose stack     at ChildProcess.<anonymous> (/usr/local/lib/node_modules/npm/lib/utils/spawn.js:40:14)
14 verbose stack     at emitTwo (events.js:106:13)
14 verbose stack     at ChildProcess.emit (events.js:191:7)
14 verbose stack     at maybeClose (internal/child_process.js:877:16)
14 verbose stack     at Process.ChildProcess._handle.onexit (internal/child_process.js:226:5)
15 verbose pkgid eve-discord-bot@0.0.0
16 verbose cwd /Users/dvernovsky/programming/eve-discord-bot
17 error Darwin 16.0.0
18 error argv "/usr/local/bin/node" "/usr/local/bin/npm" "run" "serve"
19 error node v6.9.1
20 error npm  v4.0.5
21 error code ELIFECYCLE
22 error eve-discord-bot@0.0.0 serve: `DISCORD_TOKEN=MjYyNTk5ODA5MzQ3NzQ3ODQy.C3tWzg.kRJQTJDqcc85USoGPgbghFpxe-4 && tsc -w nodemon --debug ./bin/www`
22 error Exit status 1
23 error Failed at the eve-discord-bot@0.0.0 serve script 'DISCORD_TOKEN=MjYyNTk5ODA5MzQ3NzQ3ODQy.C3tWzg.kRJQTJDqcc85USoGPgbghFpxe-4 && tsc -w nodemon --debug ./bin/www'.
23 error Make sure you have the latest version of node.js and npm installed.
23 error If you do, this is most likely a problem with the eve-discord-bot package,
23 error not with npm itself.
23 error Tell the author that this fails on your system:
23 error     DISCORD_TOKEN=MjYyNTk5ODA5MzQ3NzQ3ODQy.C3tWzg.kRJQTJDqcc85USoGPgbghFpxe-4 && tsc -w nodemon --debug ./bin/www
23 error You can get information on how to open an issue for this project with:
23 error     npm bugs eve-discord-bot
23 error Or if that isn't available, you can get their info via:
23 error     npm owner ls eve-discord-bot
23 error There is likely additional logging output above.
24 verbose exit [ 1, true ]
